


ARM Macro Assembler    Page 1 


    1 00000000         ;/******************************************************
                       ************************
    2 00000000         ; * @file     startup_Nano103.s
    3 00000000         ; * @version  V1.00
    4 00000000         ; * $Revision: 4 $
    5 00000000         ; * $Date: 16/01/28 3:56p $ 
    6 00000000         ; * @brief    CMSIS ARM Cortex-M0 Core Device Startup Fi
                       le
    7 00000000         ; *
    8 00000000         ; * @note
    9 00000000         ; * Copyright (C) 2015 Nuvoton Technology Corp. All righ
                       ts reserved.
   10 00000000         ;*******************************************************
                       **********************/  
   11 00000000         
   12 00000000         ; <h> Stack Configuration
   13 00000000         ;   <o> Stack Size (in Bytes) <0x0-0xFFFFFFFF:8>
   14 00000000         ; </h>
   15 00000000         
   16 00000000                 IF               :LNOT: :DEF: Stack_Size
   18                          ENDIF
   19 00000000         
   20 00000000                 AREA             STACK, NOINIT, READWRITE, ALIGN
=3
   21 00000000         Stack_Mem
                               SPACE            Stack_Size
   22 00000500         __initial_sp
   23 00000500         
   24 00000500         
   25 00000500         ; <h> Heap Configuration
   26 00000500         ;   <o>  Heap Size (in Bytes) <0x0-0xFFFFFFFF:8>
   27 00000500         ; </h>
   28 00000500         
   29 00000500                 IF               :LNOT: :DEF: Heap_Size
   31                          ENDIF
   32 00000500         
   33 00000500                 AREA             HEAP, NOINIT, READWRITE, ALIGN=
3
   34 00000000         __heap_base
   35 00000000         Heap_Mem
                               SPACE            Heap_Size
   36 00000200         __heap_limit
   37 00000200         
   38 00000200         
   39 00000200                 PRESERVE8
   40 00000200                 THUMB
   41 00000200         
   42 00000200         
   43 00000200         ; Vector Table Mapped to Address 0 at Reset
   44 00000200         
   45 00000200                 AREA             RESET, DATA, READONLY
   46 00000000                 EXPORT           __Vectors
   47 00000000         
   48 00000000 00000000 
                       __Vectors
                               DCD              __initial_sp ; Top of Stack
   49 00000004 00000000        DCD              Reset_Handler ; Reset Handler
   50 00000008 00000000        DCD              NMI_Handler ; NMI Handler
   51 0000000C 00000000        DCD              HardFault_Handler ; Hard Fault 



ARM Macro Assembler    Page 2 


                                                            Handler
   52 00000010 00000000        DCD              0           ; Reserved
   53 00000014 00000000        DCD              0           ; Reserved
   54 00000018 00000000        DCD              0           ; Reserved
   55 0000001C 00000000        DCD              0           ; Reserved
   56 00000020 00000000        DCD              0           ; Reserved
   57 00000024 00000000        DCD              0           ; Reserved
   58 00000028 00000000        DCD              0           ; Reserved
   59 0000002C 00000000        DCD              SVC_Handler ; SVCall Handler
   60 00000030 00000000        DCD              0           ; Reserved
   61 00000034 00000000        DCD              0           ; Reserved
   62 00000038 00000000        DCD              PendSV_Handler ; PendSV Handler
                                                            
   63 0000003C 00000000        DCD              SysTick_Handler 
                                                            ; SysTick Handler
   64 00000040         
   65 00000040         ; External Interrupts
   66 00000040 00000000        DCD              BOD_IRQHandler ; Brownout low v
                                                            oltage detected int
                                                            errupt  
   67 00000044 00000000        DCD              WDT_IRQHandler ; Watch Dog Time
                                                            r interrupt  
   68 00000048 00000000        DCD              EINT0_IRQHandler ; External sig
                                                            nal interrupt from 
                                                            PB.14 pin
   69 0000004C 00000000        DCD              EINT1_IRQHandler ; External sig
                                                            nal interrupt from 
                                                            PB.15 pin
   70 00000050 00000000        DCD              GPABC_IRQHandler ; External int
                                                            errupt from PA[15:0
                                                            ]/PB[15:0]/PC[15:0]
                                                              
   71 00000054 00000000        DCD              GPDEF_IRQHandler ; External int
                                                            errupt from PD[15:0
                                                            ]/PE[15:0]/PF[7:0]
   72 00000058 00000000        DCD              PWM0_IRQHandler 
                                                            ; PWM 0 interrupt 
   73 0000005C 00000000        DCD              0           ; Reserved
   74 00000060 00000000        DCD              TMR0_IRQHandler 
                                                            ; Timer 0 interrupt
                                                            
   75 00000064 00000000        DCD              TMR1_IRQHandler ; Timer 1 inter
                                                            rupt  
   76 00000068 00000000        DCD              TMR2_IRQHandler ; Timer 2 inter
                                                            rupt 
   77 0000006C 00000000        DCD              TMR3_IRQHandler ; Timer 3 inter
                                                            rupt 
   78 00000070 00000000        DCD              UART0_IRQHandler 
                                                            ; UART0 interrupt
   79 00000074 00000000        DCD              UART1_IRQHandler 
                                                            ; UART1 interrupt
   80 00000078 00000000        DCD              SPI0_IRQHandler 
                                                            ; SPI0 interrupt 
   81 0000007C 00000000        DCD              SPI1_IRQHandler 
                                                            ; SPI1 interrupt 
   82 00000080 00000000        DCD              SPI2_IRQHandler 
                                                            ; SPI2 interrupt 
   83 00000084 00000000        DCD              HIRC_IRQHandler 
                                                            ; HIRC interrupt 



ARM Macro Assembler    Page 3 


   84 00000088 00000000        DCD              I2C0_IRQHandler 
                                                            ; I2C0 interrupt 
   85 0000008C 00000000        DCD              I2C1_IRQHandler 
                                                            ; I2C1 interrupt 
   86 00000090 00000000        DCD              Default_Handler ; Reserved
   87 00000094 00000000        DCD              SC0_IRQHandler ; SC0 interrupt
   88 00000098 00000000        DCD              SC1_IRQHandler ; SC1 interrupt
   89 0000009C 00000000        DCD              Default_Handler ; Reserved 
   90 000000A0 00000000        DCD              Default_Handler ; Reserved 
   91 000000A4 00000000        DCD              Default_Handler ; Reserved 
   92 000000A8 00000000        DCD              PDMA_IRQHandler 
                                                            ; PDMA interrupt
   93 000000AC 00000000        DCD              SPI3_IRQHandler 
                                                            ; SPI3 interrupt
   94 000000B0 00000000        DCD              PDWU_IRQHandler ; Power Down Wa
                                                            ke up interrupt
   95 000000B4 00000000        DCD              ADC_IRQHandler ; ADC interrupt
   96 000000B8 00000000        DCD              ACMP_IRQHandler 
                                                            ; ACMP interrupt
   97 000000BC 00000000        DCD              RTC_IRQHandler ; Real time cloc
                                                            k interrupt
   98 000000C0                 AREA             |.text|, CODE, READONLY
   99 00000000         
  100 00000000         
  101 00000000         ; Reset Handler
  102 00000000         
  103 00000000         Reset_Handler
                               PROC
  104 00000000                 EXPORT           Reset_Handler             [WEAK
]
  105 00000000                 IMPORT           SystemInit
  106 00000000                 IMPORT           __main
  107 00000000         ; Unlock Register
  108 00000000 480B            LDR              R0, =0x50000100
  109 00000002 490C            LDR              R1, =0x59
  110 00000004 6001            STR              R1, [R0]
  111 00000006 490C            LDR              R1, =0x16
  112 00000008 6001            STR              R1, [R0]
  113 0000000A 490C            LDR              R1, =0x88
  114 0000000C 6001            STR              R1, [R0]
  115 0000000E         
  116 0000000E         ; Init POR
  117 0000000E 4A0C            LDR              R2, =0x50000060
  118 00000010 490C            LDR              R1, =0x00005AA5
  119 00000012 6011            STR              R1, [R2]
  120 00000014         ; Unlock PA9 in 32 pin package
  121 00000014 480C            LDR              R0, =SystemInit
  122 00000016 4780            BLX              R0
  123 00000018         ; Lock register
  124 00000018 4805            LDR              R0, =0x50000100
  125 0000001A 2100            MOVS             R1, #0
  126 0000001C 6001            STR              R1, [R0]
  127 0000001E         
  128 0000001E 480B            LDR              R0, =__main
  129 00000020 4700            BX               R0
  130 00000022                 ENDP
  131 00000022         
  132 00000022         
  133 00000022         ; Dummy Exception Handlers (infinite loops which can be 



ARM Macro Assembler    Page 4 


                       modified)                
  134 00000022         
  135 00000022         NMI_Handler
                               PROC
  136 00000022                 EXPORT           NMI_Handler               [WEAK
]
  137 00000022 E7FE            B                .
  138 00000024                 ENDP
  140 00000024         HardFault_Handler
                               PROC
  141 00000024                 EXPORT           HardFault_Handler         [WEAK
]
  142 00000024         
  143 00000024 E7FE            B                .
  144 00000026                 ENDP
  145 00000026         SVC_Handler
                               PROC
  146 00000026                 EXPORT           SVC_Handler               [WEAK
]
  147 00000026 E7FE            B                .
  148 00000028                 ENDP
  149 00000028         PendSV_Handler
                               PROC
  150 00000028                 EXPORT           PendSV_Handler            [WEAK
]
  151 00000028 E7FE            B                .
  152 0000002A                 ENDP
  153 0000002A         SysTick_Handler
                               PROC
  154 0000002A                 EXPORT           SysTick_Handler           [WEAK
]
  155 0000002A E7FE            B                .
  156 0000002C                 ENDP
  157 0000002C         
  158 0000002C         Default_Handler
                               PROC
  159 0000002C         
  160 0000002C                 EXPORT           BOD_IRQHandler            [WEAK
]
  161 0000002C                 EXPORT           WDT_IRQHandler            [WEAK
]
  162 0000002C                 EXPORT           EINT0_IRQHandler          [WEAK
]
  163 0000002C                 EXPORT           EINT1_IRQHandler          [WEAK
]
  164 0000002C                 EXPORT           GPABC_IRQHandler          [WEAK
]
  165 0000002C                 EXPORT           GPDEF_IRQHandler          [WEAK
]
  166 0000002C                 EXPORT           PWM0_IRQHandler           [WEAK
]
  167 0000002C                 EXPORT           TMR0_IRQHandler           [WEAK
]
  168 0000002C                 EXPORT           TMR1_IRQHandler           [WEAK
]
  169 0000002C                 EXPORT           TMR2_IRQHandler           [WEAK
]
  170 0000002C                 EXPORT           TMR3_IRQHandler           [WEAK
]



ARM Macro Assembler    Page 5 


  171 0000002C                 EXPORT           UART0_IRQHandler          [WEAK
]
  172 0000002C                 EXPORT           UART1_IRQHandler          [WEAK
]
  173 0000002C                 EXPORT           SPI0_IRQHandler           [WEAK
]
  174 0000002C                 EXPORT           SPI1_IRQHandler           [WEAK
]
  175 0000002C                 EXPORT           SPI2_IRQHandler           [WEAK
]
  176 0000002C                 EXPORT           HIRC_IRQHandler           [WEAK
]
  177 0000002C                 EXPORT           I2C0_IRQHandler           [WEAK
]
  178 0000002C                 EXPORT           I2C1_IRQHandler           [WEAK
]
  179 0000002C                 EXPORT           SC0_IRQHandler            [WEAK
]
  180 0000002C                 EXPORT           SC1_IRQHandler            [WEAK
]
  181 0000002C                 EXPORT           PDMA_IRQHandler           [WEAK
]
  182 0000002C                 EXPORT           SPI3_IRQHandler           [WEAK
]
  183 0000002C                 EXPORT           PDWU_IRQHandler           [WEAK
]
  184 0000002C                 EXPORT           ADC_IRQHandler            [WEAK
]
  185 0000002C                 EXPORT           ACMP_IRQHandler           [WEAK
]
  186 0000002C                 EXPORT           RTC_IRQHandler            [WEAK
]
  187 0000002C         
  188 0000002C         BOD_IRQHandler
  189 0000002C         WDT_IRQHandler
  190 0000002C         EINT0_IRQHandler
  191 0000002C         EINT1_IRQHandler
  192 0000002C         GPABC_IRQHandler
  193 0000002C         GPDEF_IRQHandler
  194 0000002C         PWM0_IRQHandler
  195 0000002C         TMR0_IRQHandler
  196 0000002C         TMR1_IRQHandler
  197 0000002C         TMR2_IRQHandler
  198 0000002C         TMR3_IRQHandler
  199 0000002C         UART0_IRQHandler
  200 0000002C         UART1_IRQHandler
  201 0000002C         SPI0_IRQHandler
  202 0000002C         SPI1_IRQHandler
  203 0000002C         SPI2_IRQHandler
  204 0000002C         HIRC_IRQHandler
  205 0000002C         I2C0_IRQHandler
  206 0000002C         I2C1_IRQHandler
  207 0000002C         SC0_IRQHandler
  208 0000002C         SC1_IRQHandler
  209 0000002C         PDMA_IRQHandler
  210 0000002C         SPI3_IRQHandler
  211 0000002C         PDWU_IRQHandler
  212 0000002C         ADC_IRQHandler
  213 0000002C         ACMP_IRQHandler



ARM Macro Assembler    Page 6 


  214 0000002C         RTC_IRQHandler
  215 0000002C         
  216 0000002C E7FE            B                .
  217 0000002E         
  218 0000002E                 ENDP
  219 0000002E         
  220 0000002E         
  221 0000002E 00 00           ALIGN
  222 00000030         
  223 00000030         
  224 00000030         ; User Initial Stack & Heap
  225 00000030         
  226 00000030                 IF               :DEF:__MICROLIB
  227 00000030         
  228 00000030                 EXPORT           __initial_sp
  229 00000030                 EXPORT           __heap_base
  230 00000030                 EXPORT           __heap_limit
  231 00000030         
  232 00000030                 ELSE
  246                          ENDIF
  247 00000030         
  248 00000030         
  249 00000030         
  250 00000030         
  251 00000030         
  252 00000030                 END
              50000100 
              00000059 
              00000016 
              00000088 
              50000060 
              00005AA5 
              00000000 
              00000000 
Command Line: --16 --debug --xref --diag_suppress=9931 --cpu=Cortex-M0 --apcs=i
nterwork --depend=.\obj\startup_nano103.d -o.\obj\startup_nano103.o -IC:\Keil_v
5\ARM\RV31\INC -IC:\Keil_v5\ARM\CMSIS\Include -IC:\Keil_v5\ARM\Inc\Nuvoton\M051
Series --predefine="__MICROLIB SETA 1" --predefine="__UVISION_VERSION SETA 523"
 --list=.\lst\startup_nano103.lst ..\..\..\..\Library\Device\Nuvoton\Nano103\So
urce\ARM\startup_Nano103.s



ARM Macro Assembler    Page 1 Alphabetic symbol ordering
Relocatable symbols

STACK 00000000

Symbol: STACK
   Definitions
      At line 20 in file ..\..\..\..\Library\Device\Nuvoton\Nano103\Source\ARM\
startup_Nano103.s
   Uses
      None
Comment: STACK unused
Stack_Mem 00000000

Symbol: Stack_Mem
   Definitions
      At line 21 in file ..\..\..\..\Library\Device\Nuvoton\Nano103\Source\ARM\
startup_Nano103.s
   Uses
      None
Comment: Stack_Mem unused
__initial_sp 00000500

Symbol: __initial_sp
   Definitions
      At line 22 in file ..\..\..\..\Library\Device\Nuvoton\Nano103\Source\ARM\
startup_Nano103.s
   Uses
      At line 48 in file ..\..\..\..\Library\Device\Nuvoton\Nano103\Source\ARM\
startup_Nano103.s
      At line 228 in file ..\..\..\..\Library\Device\Nuvoton\Nano103\Source\ARM
\startup_Nano103.s

3 symbols



ARM Macro Assembler    Page 1 Alphabetic symbol ordering
Relocatable symbols

HEAP 00000000

Symbol: HEAP
   Definitions
      At line 33 in file ..\..\..\..\Library\Device\Nuvoton\Nano103\Source\ARM\
startup_Nano103.s
   Uses
      None
Comment: HEAP unused
Heap_Mem 00000000

Symbol: Heap_Mem
   Definitions
      At line 35 in file ..\..\..\..\Library\Device\Nuvoton\Nano103\Source\ARM\
startup_Nano103.s
   Uses
      None
Comment: Heap_Mem unused
__heap_base 00000000

Symbol: __heap_base
   Definitions
      At line 34 in file ..\..\..\..\Library\Device\Nuvoton\Nano103\Source\ARM\
startup_Nano103.s
   Uses
      At line 229 in file ..\..\..\..\Library\Device\Nuvoton\Nano103\Source\ARM
\startup_Nano103.s
Comment: __heap_base used once
__heap_limit 00000200

Symbol: __heap_limit
   Definitions
      At line 36 in file ..\..\..\..\Library\Device\Nuvoton\Nano103\Source\ARM\
startup_Nano103.s
   Uses
      At line 230 in file ..\..\..\..\Library\Device\Nuvoton\Nano103\Source\ARM
\startup_Nano103.s
Comment: __heap_limit used once
4 symbols



ARM Macro Assembler    Page 1 Alphabetic symbol ordering
Relocatable symbols

RESET 00000000

Symbol: RESET
   Definitions
      At line 45 in file ..\..\..\..\Library\Device\Nuvoton\Nano103\Source\ARM\
startup_Nano103.s
   Uses
      None
Comment: RESET unused
__Vectors 00000000

Symbol: __Vectors
   Definitions
      At line 48 in file ..\..\..\..\Library\Device\Nuvoton\Nano103\Source\ARM\
startup_Nano103.s
   Uses
      At line 46 in file ..\..\..\..\Library\Device\Nuvoton\Nano103\Source\ARM\
startup_Nano103.s
Comment: __Vectors used once
2 symbols



ARM Macro Assembler    Page 1 Alphabetic symbol ordering
Relocatable symbols

.text 00000000

Symbol: .text
   Definitions
      At line 98 in file ..\..\..\..\Library\Device\Nuvoton\Nano103\Source\ARM\
startup_Nano103.s
   Uses
      None
Comment: .text unused
ACMP_IRQHandler 0000002C

Symbol: ACMP_IRQHandler
   Definitions
      At line 213 in file ..\..\..\..\Library\Device\Nuvoton\Nano103\Source\ARM
\startup_Nano103.s
   Uses
      At line 96 in file ..\..\..\..\Library\Device\Nuvoton\Nano103\Source\ARM\
startup_Nano103.s
      At line 185 in file ..\..\..\..\Library\Device\Nuvoton\Nano103\Source\ARM
\startup_Nano103.s

ADC_IRQHandler 0000002C

Symbol: ADC_IRQHandler
   Definitions
      At line 212 in file ..\..\..\..\Library\Device\Nuvoton\Nano103\Source\ARM
\startup_Nano103.s
   Uses
      At line 95 in file ..\..\..\..\Library\Device\Nuvoton\Nano103\Source\ARM\
startup_Nano103.s
      At line 184 in file ..\..\..\..\Library\Device\Nuvoton\Nano103\Source\ARM
\startup_Nano103.s

BOD_IRQHandler 0000002C

Symbol: BOD_IRQHandler
   Definitions
      At line 188 in file ..\..\..\..\Library\Device\Nuvoton\Nano103\Source\ARM
\startup_Nano103.s
   Uses
      At line 66 in file ..\..\..\..\Library\Device\Nuvoton\Nano103\Source\ARM\
startup_Nano103.s
      At line 160 in file ..\..\..\..\Library\Device\Nuvoton\Nano103\Source\ARM
\startup_Nano103.s

Default_Handler 0000002C

Symbol: Default_Handler
   Definitions
      At line 158 in file ..\..\..\..\Library\Device\Nuvoton\Nano103\Source\ARM
\startup_Nano103.s
   Uses
      At line 86 in file ..\..\..\..\Library\Device\Nuvoton\Nano103\Source\ARM\
startup_Nano103.s
      At line 89 in file ..\..\..\..\Library\Device\Nuvoton\Nano103\Source\ARM\
startup_Nano103.s
      At line 90 in file ..\..\..\..\Library\Device\Nuvoton\Nano103\Source\ARM\
startup_Nano103.s
      At line 91 in file ..\..\..\..\Library\Device\Nuvoton\Nano103\Source\ARM\



ARM Macro Assembler    Page 2 Alphabetic symbol ordering
Relocatable symbols

startup_Nano103.s

EINT0_IRQHandler 0000002C

Symbol: EINT0_IRQHandler
   Definitions
      At line 190 in file ..\..\..\..\Library\Device\Nuvoton\Nano103\Source\ARM
\startup_Nano103.s
   Uses
      At line 68 in file ..\..\..\..\Library\Device\Nuvoton\Nano103\Source\ARM\
startup_Nano103.s
      At line 162 in file ..\..\..\..\Library\Device\Nuvoton\Nano103\Source\ARM
\startup_Nano103.s

EINT1_IRQHandler 0000002C

Symbol: EINT1_IRQHandler
   Definitions
      At line 191 in file ..\..\..\..\Library\Device\Nuvoton\Nano103\Source\ARM
\startup_Nano103.s
   Uses
      At line 69 in file ..\..\..\..\Library\Device\Nuvoton\Nano103\Source\ARM\
startup_Nano103.s
      At line 163 in file ..\..\..\..\Library\Device\Nuvoton\Nano103\Source\ARM
\startup_Nano103.s

GPABC_IRQHandler 0000002C

Symbol: GPABC_IRQHandler
   Definitions
      At line 192 in file ..\..\..\..\Library\Device\Nuvoton\Nano103\Source\ARM
\startup_Nano103.s
   Uses
      At line 70 in file ..\..\..\..\Library\Device\Nuvoton\Nano103\Source\ARM\
startup_Nano103.s
      At line 164 in file ..\..\..\..\Library\Device\Nuvoton\Nano103\Source\ARM
\startup_Nano103.s

GPDEF_IRQHandler 0000002C

Symbol: GPDEF_IRQHandler
   Definitions
      At line 193 in file ..\..\..\..\Library\Device\Nuvoton\Nano103\Source\ARM
\startup_Nano103.s
   Uses
      At line 71 in file ..\..\..\..\Library\Device\Nuvoton\Nano103\Source\ARM\
startup_Nano103.s
      At line 165 in file ..\..\..\..\Library\Device\Nuvoton\Nano103\Source\ARM
\startup_Nano103.s

HIRC_IRQHandler 0000002C

Symbol: HIRC_IRQHandler
   Definitions
      At line 204 in file ..\..\..\..\Library\Device\Nuvoton\Nano103\Source\ARM
\startup_Nano103.s
   Uses
      At line 83 in file ..\..\..\..\Library\Device\Nuvoton\Nano103\Source\ARM\
startup_Nano103.s



ARM Macro Assembler    Page 3 Alphabetic symbol ordering
Relocatable symbols

      At line 176 in file ..\..\..\..\Library\Device\Nuvoton\Nano103\Source\ARM
\startup_Nano103.s

HardFault_Handler 00000024

Symbol: HardFault_Handler
   Definitions
      At line 140 in file ..\..\..\..\Library\Device\Nuvoton\Nano103\Source\ARM
\startup_Nano103.s
   Uses
      At line 51 in file ..\..\..\..\Library\Device\Nuvoton\Nano103\Source\ARM\
startup_Nano103.s
      At line 141 in file ..\..\..\..\Library\Device\Nuvoton\Nano103\Source\ARM
\startup_Nano103.s

I2C0_IRQHandler 0000002C

Symbol: I2C0_IRQHandler
   Definitions
      At line 205 in file ..\..\..\..\Library\Device\Nuvoton\Nano103\Source\ARM
\startup_Nano103.s
   Uses
      At line 84 in file ..\..\..\..\Library\Device\Nuvoton\Nano103\Source\ARM\
startup_Nano103.s
      At line 177 in file ..\..\..\..\Library\Device\Nuvoton\Nano103\Source\ARM
\startup_Nano103.s

I2C1_IRQHandler 0000002C

Symbol: I2C1_IRQHandler
   Definitions
      At line 206 in file ..\..\..\..\Library\Device\Nuvoton\Nano103\Source\ARM
\startup_Nano103.s
   Uses
      At line 85 in file ..\..\..\..\Library\Device\Nuvoton\Nano103\Source\ARM\
startup_Nano103.s
      At line 178 in file ..\..\..\..\Library\Device\Nuvoton\Nano103\Source\ARM
\startup_Nano103.s

NMI_Handler 00000022

Symbol: NMI_Handler
   Definitions
      At line 135 in file ..\..\..\..\Library\Device\Nuvoton\Nano103\Source\ARM
\startup_Nano103.s
   Uses
      At line 50 in file ..\..\..\..\Library\Device\Nuvoton\Nano103\Source\ARM\
startup_Nano103.s
      At line 136 in file ..\..\..\..\Library\Device\Nuvoton\Nano103\Source\ARM
\startup_Nano103.s

PDMA_IRQHandler 0000002C

Symbol: PDMA_IRQHandler
   Definitions
      At line 209 in file ..\..\..\..\Library\Device\Nuvoton\Nano103\Source\ARM
\startup_Nano103.s
   Uses
      At line 92 in file ..\..\..\..\Library\Device\Nuvoton\Nano103\Source\ARM\



ARM Macro Assembler    Page 4 Alphabetic symbol ordering
Relocatable symbols

startup_Nano103.s
      At line 181 in file ..\..\..\..\Library\Device\Nuvoton\Nano103\Source\ARM
\startup_Nano103.s

PDWU_IRQHandler 0000002C

Symbol: PDWU_IRQHandler
   Definitions
      At line 211 in file ..\..\..\..\Library\Device\Nuvoton\Nano103\Source\ARM
\startup_Nano103.s
   Uses
      At line 94 in file ..\..\..\..\Library\Device\Nuvoton\Nano103\Source\ARM\
startup_Nano103.s
      At line 183 in file ..\..\..\..\Library\Device\Nuvoton\Nano103\Source\ARM
\startup_Nano103.s

PWM0_IRQHandler 0000002C

Symbol: PWM0_IRQHandler
   Definitions
      At line 194 in file ..\..\..\..\Library\Device\Nuvoton\Nano103\Source\ARM
\startup_Nano103.s
   Uses
      At line 72 in file ..\..\..\..\Library\Device\Nuvoton\Nano103\Source\ARM\
startup_Nano103.s
      At line 166 in file ..\..\..\..\Library\Device\Nuvoton\Nano103\Source\ARM
\startup_Nano103.s

PendSV_Handler 00000028

Symbol: PendSV_Handler
   Definitions
      At line 149 in file ..\..\..\..\Library\Device\Nuvoton\Nano103\Source\ARM
\startup_Nano103.s
   Uses
      At line 62 in file ..\..\..\..\Library\Device\Nuvoton\Nano103\Source\ARM\
startup_Nano103.s
      At line 150 in file ..\..\..\..\Library\Device\Nuvoton\Nano103\Source\ARM
\startup_Nano103.s

RTC_IRQHandler 0000002C

Symbol: RTC_IRQHandler
   Definitions
      At line 214 in file ..\..\..\..\Library\Device\Nuvoton\Nano103\Source\ARM
\startup_Nano103.s
   Uses
      At line 97 in file ..\..\..\..\Library\Device\Nuvoton\Nano103\Source\ARM\
startup_Nano103.s
      At line 186 in file ..\..\..\..\Library\Device\Nuvoton\Nano103\Source\ARM
\startup_Nano103.s

Reset_Handler 00000000

Symbol: Reset_Handler
   Definitions
      At line 103 in file ..\..\..\..\Library\Device\Nuvoton\Nano103\Source\ARM
\startup_Nano103.s
   Uses



ARM Macro Assembler    Page 5 Alphabetic symbol ordering
Relocatable symbols

      At line 49 in file ..\..\..\..\Library\Device\Nuvoton\Nano103\Source\ARM\
startup_Nano103.s
      At line 104 in file ..\..\..\..\Library\Device\Nuvoton\Nano103\Source\ARM
\startup_Nano103.s

SC0_IRQHandler 0000002C

Symbol: SC0_IRQHandler
   Definitions
      At line 207 in file ..\..\..\..\Library\Device\Nuvoton\Nano103\Source\ARM
\startup_Nano103.s
   Uses
      At line 87 in file ..\..\..\..\Library\Device\Nuvoton\Nano103\Source\ARM\
startup_Nano103.s
      At line 179 in file ..\..\..\..\Library\Device\Nuvoton\Nano103\Source\ARM
\startup_Nano103.s

SC1_IRQHandler 0000002C

Symbol: SC1_IRQHandler
   Definitions
      At line 208 in file ..\..\..\..\Library\Device\Nuvoton\Nano103\Source\ARM
\startup_Nano103.s
   Uses
      At line 88 in file ..\..\..\..\Library\Device\Nuvoton\Nano103\Source\ARM\
startup_Nano103.s
      At line 180 in file ..\..\..\..\Library\Device\Nuvoton\Nano103\Source\ARM
\startup_Nano103.s

SPI0_IRQHandler 0000002C

Symbol: SPI0_IRQHandler
   Definitions
      At line 201 in file ..\..\..\..\Library\Device\Nuvoton\Nano103\Source\ARM
\startup_Nano103.s
   Uses
      At line 80 in file ..\..\..\..\Library\Device\Nuvoton\Nano103\Source\ARM\
startup_Nano103.s
      At line 173 in file ..\..\..\..\Library\Device\Nuvoton\Nano103\Source\ARM
\startup_Nano103.s

SPI1_IRQHandler 0000002C

Symbol: SPI1_IRQHandler
   Definitions
      At line 202 in file ..\..\..\..\Library\Device\Nuvoton\Nano103\Source\ARM
\startup_Nano103.s
   Uses
      At line 81 in file ..\..\..\..\Library\Device\Nuvoton\Nano103\Source\ARM\
startup_Nano103.s
      At line 174 in file ..\..\..\..\Library\Device\Nuvoton\Nano103\Source\ARM
\startup_Nano103.s

SPI2_IRQHandler 0000002C

Symbol: SPI2_IRQHandler
   Definitions
      At line 203 in file ..\..\..\..\Library\Device\Nuvoton\Nano103\Source\ARM
\startup_Nano103.s



ARM Macro Assembler    Page 6 Alphabetic symbol ordering
Relocatable symbols

   Uses
      At line 82 in file ..\..\..\..\Library\Device\Nuvoton\Nano103\Source\ARM\
startup_Nano103.s
      At line 175 in file ..\..\..\..\Library\Device\Nuvoton\Nano103\Source\ARM
\startup_Nano103.s

SPI3_IRQHandler 0000002C

Symbol: SPI3_IRQHandler
   Definitions
      At line 210 in file ..\..\..\..\Library\Device\Nuvoton\Nano103\Source\ARM
\startup_Nano103.s
   Uses
      At line 93 in file ..\..\..\..\Library\Device\Nuvoton\Nano103\Source\ARM\
startup_Nano103.s
      At line 182 in file ..\..\..\..\Library\Device\Nuvoton\Nano103\Source\ARM
\startup_Nano103.s

SVC_Handler 00000026

Symbol: SVC_Handler
   Definitions
      At line 145 in file ..\..\..\..\Library\Device\Nuvoton\Nano103\Source\ARM
\startup_Nano103.s
   Uses
      At line 59 in file ..\..\..\..\Library\Device\Nuvoton\Nano103\Source\ARM\
startup_Nano103.s
      At line 146 in file ..\..\..\..\Library\Device\Nuvoton\Nano103\Source\ARM
\startup_Nano103.s

SysTick_Handler 0000002A

Symbol: SysTick_Handler
   Definitions
      At line 153 in file ..\..\..\..\Library\Device\Nuvoton\Nano103\Source\ARM
\startup_Nano103.s
   Uses
      At line 63 in file ..\..\..\..\Library\Device\Nuvoton\Nano103\Source\ARM\
startup_Nano103.s
      At line 154 in file ..\..\..\..\Library\Device\Nuvoton\Nano103\Source\ARM
\startup_Nano103.s

TMR0_IRQHandler 0000002C

Symbol: TMR0_IRQHandler
   Definitions
      At line 195 in file ..\..\..\..\Library\Device\Nuvoton\Nano103\Source\ARM
\startup_Nano103.s
   Uses
      At line 74 in file ..\..\..\..\Library\Device\Nuvoton\Nano103\Source\ARM\
startup_Nano103.s
      At line 167 in file ..\..\..\..\Library\Device\Nuvoton\Nano103\Source\ARM
\startup_Nano103.s

TMR1_IRQHandler 0000002C

Symbol: TMR1_IRQHandler
   Definitions
      At line 196 in file ..\..\..\..\Library\Device\Nuvoton\Nano103\Source\ARM



ARM Macro Assembler    Page 7 Alphabetic symbol ordering
Relocatable symbols

\startup_Nano103.s
   Uses
      At line 75 in file ..\..\..\..\Library\Device\Nuvoton\Nano103\Source\ARM\
startup_Nano103.s
      At line 168 in file ..\..\..\..\Library\Device\Nuvoton\Nano103\Source\ARM
\startup_Nano103.s

TMR2_IRQHandler 0000002C

Symbol: TMR2_IRQHandler
   Definitions
      At line 197 in file ..\..\..\..\Library\Device\Nuvoton\Nano103\Source\ARM
\startup_Nano103.s
   Uses
      At line 76 in file ..\..\..\..\Library\Device\Nuvoton\Nano103\Source\ARM\
startup_Nano103.s
      At line 169 in file ..\..\..\..\Library\Device\Nuvoton\Nano103\Source\ARM
\startup_Nano103.s

TMR3_IRQHandler 0000002C

Symbol: TMR3_IRQHandler
   Definitions
      At line 198 in file ..\..\..\..\Library\Device\Nuvoton\Nano103\Source\ARM
\startup_Nano103.s
   Uses
      At line 77 in file ..\..\..\..\Library\Device\Nuvoton\Nano103\Source\ARM\
startup_Nano103.s
      At line 170 in file ..\..\..\..\Library\Device\Nuvoton\Nano103\Source\ARM
\startup_Nano103.s

UART0_IRQHandler 0000002C

Symbol: UART0_IRQHandler
   Definitions
      At line 199 in file ..\..\..\..\Library\Device\Nuvoton\Nano103\Source\ARM
\startup_Nano103.s
   Uses
      At line 78 in file ..\..\..\..\Library\Device\Nuvoton\Nano103\Source\ARM\
startup_Nano103.s
      At line 171 in file ..\..\..\..\Library\Device\Nuvoton\Nano103\Source\ARM
\startup_Nano103.s

UART1_IRQHandler 0000002C

Symbol: UART1_IRQHandler
   Definitions
      At line 200 in file ..\..\..\..\Library\Device\Nuvoton\Nano103\Source\ARM
\startup_Nano103.s
   Uses
      At line 79 in file ..\..\..\..\Library\Device\Nuvoton\Nano103\Source\ARM\
startup_Nano103.s
      At line 172 in file ..\..\..\..\Library\Device\Nuvoton\Nano103\Source\ARM
\startup_Nano103.s

WDT_IRQHandler 0000002C

Symbol: WDT_IRQHandler
   Definitions



ARM Macro Assembler    Page 8 Alphabetic symbol ordering
Relocatable symbols

      At line 189 in file ..\..\..\..\Library\Device\Nuvoton\Nano103\Source\ARM
\startup_Nano103.s
   Uses
      At line 67 in file ..\..\..\..\Library\Device\Nuvoton\Nano103\Source\ARM\
startup_Nano103.s
      At line 161 in file ..\..\..\..\Library\Device\Nuvoton\Nano103\Source\ARM
\startup_Nano103.s

35 symbols



ARM Macro Assembler    Page 1 Alphabetic symbol ordering
Absolute symbols

Heap_Size 00000200

Symbol: Heap_Size
   Definitions
      At line 30 in file ..\..\..\..\Library\Device\Nuvoton\Nano103\Source\ARM\
startup_Nano103.s
   Uses
      At line 35 in file ..\..\..\..\Library\Device\Nuvoton\Nano103\Source\ARM\
startup_Nano103.s
Comment: Heap_Size used once
Stack_Size 00000500

Symbol: Stack_Size
   Definitions
      At line 17 in file ..\..\..\..\Library\Device\Nuvoton\Nano103\Source\ARM\
startup_Nano103.s
   Uses
      At line 21 in file ..\..\..\..\Library\Device\Nuvoton\Nano103\Source\ARM\
startup_Nano103.s
Comment: Stack_Size used once
2 symbols



ARM Macro Assembler    Page 1 Alphabetic symbol ordering
External symbols

SystemInit 00000000

Symbol: SystemInit
   Definitions
      At line 105 in file ..\..\..\..\Library\Device\Nuvoton\Nano103\Source\ARM
\startup_Nano103.s
   Uses
      At line 121 in file ..\..\..\..\Library\Device\Nuvoton\Nano103\Source\ARM
\startup_Nano103.s
Comment: SystemInit used once
__main 00000000

Symbol: __main
   Definitions
      At line 106 in file ..\..\..\..\Library\Device\Nuvoton\Nano103\Source\ARM
\startup_Nano103.s
   Uses
      At line 128 in file ..\..\..\..\Library\Device\Nuvoton\Nano103\Source\ARM
\startup_Nano103.s
Comment: __main used once
2 symbols
384 symbols in table
